TN:
SF:src\modules\appointments\services\CreateAppointmentService.ts
FN:32,Object.<anonymous>
FN:32,Object.<anonymous>.__decorate
FN:32,Object.<anonymous>.__metadata
FN:32,Object.<anonymous>.__param
FN:32,Object.<anonymous>.__awaiter
FN:32,adopt
FN:32,fulfilled
FN:32,rejected
FN:32,step
FN:32,Object.<anonymous>.__generator
FN:32,sent
FN:32,g.<computed>
FN:32,verb
FN:32,step
FN:32,Object.<anonymous>.__importDefault
FN:12,CreateAppointmentService
FN:14,Object.<anonymous>.CreateAppointmentService.execute
FNF:17
FNH:15
FNDA:1,Object.<anonymous>
FNDA:1,Object.<anonymous>.__decorate
FNDA:1,Object.<anonymous>.__metadata
FNDA:1,Object.<anonymous>.__param
FNDA:3,Object.<anonymous>.__awaiter
FNDA:5,adopt
FNDA:5,fulfilled
FNDA:0,rejected
FNDA:7,step
FNDA:3,Object.<anonymous>.__generator
FNDA:5,sent
FNDA:0,g.<computed>
FNDA:9,verb
FNDA:8,step
FNDA:1,Object.<anonymous>.__importDefault
FNDA:2,CreateAppointmentService
FNDA:3,Object.<anonymous>.CreateAppointmentService.execute
DA:1,1
DA:2,1
DA:3,1
DA:4,1
DA:5,1
DA:6,1
DA:7,1
DA:8,1
DA:9,1
DA:10,1
DA:11,1
DA:12,1
DA:13,1
DA:14,1
DA:15,3
DA:16,3
DA:17,3
DA:18,3
DA:19,3
DA:20,1
DA:21,1
DA:22,2
DA:23,2
DA:24,2
DA:25,2
DA:26,2
DA:27,3
DA:28,3
DA:29,3
DA:30,1
DA:31,1
DA:32,1
LF:32
LH:32
BRDA:32,0,0,1
BRDA:32,1,0,1
BRDA:32,2,0,1
BRDA:32,3,0,0
BRDA:32,4,0,0
BRDA:32,5,0,0
BRDA:32,6,0,0
BRDA:32,7,0,1
BRDA:32,8,0,1
BRDA:32,9,0,1
BRDA:32,10,0,3
BRDA:32,11,0,5
BRDA:32,12,0,0
BRDA:32,13,0,3
BRDA:32,14,0,5
BRDA:32,15,0,4
BRDA:32,16,0,1
BRDA:32,17,0,7
BRDA:32,18,0,2
BRDA:32,19,0,5
BRDA:32,20,0,3
BRDA:32,21,0,5
BRDA:32,22,0,0
BRDA:32,23,0,9
BRDA:32,24,0,8
BRDA:32,25,0,8
BRDA:32,26,0,0
BRDA:32,27,0,16
BRDA:32,28,0,0
BRDA:32,29,0,0
BRDA:32,30,0,0
BRDA:32,31,0,0
BRDA:32,32,0,8
BRDA:32,33,0,8
BRDA:32,34,0,5
BRDA:32,35,0,0
BRDA:32,36,0,0
BRDA:32,37,0,3
BRDA:32,38,0,0
BRDA:32,39,0,2
BRDA:32,40,0,0
BRDA:32,41,0,0
BRDA:32,42,0,0
BRDA:32,43,0,0
BRDA:32,44,0,8
BRDA:32,45,0,7
BRDA:32,46,0,1
BRDA:32,47,0,8
BRDA:32,48,0,3
BRDA:32,49,0,1
BRDA:32,50,0,2
BRDA:32,51,0,0
BRDA:32,52,0,1
BRDA:32,53,0,0
BRDA:11,54,0,1
BRDA:12,55,0,2
BRDA:14,56,0,3
BRDA:32,57,0,3
BRDA:32,58,0,8
BRDA:32,59,0,3
BRDA:32,60,0,3
BRDA:19,61,0,1
BRDA:21,62,0,2
BRDA:32,63,0,2
BRF:64
BRH:44
end_of_record
TN:
SF:src\modules\users\services\AuthenticateUserService.ts
FN:55,Object.<anonymous>
FN:55,Object.<anonymous>.__decorate
FN:55,Object.<anonymous>.__metadata
FN:55,Object.<anonymous>.__param
FN:55,Object.<anonymous>.__awaiter
FN:55,adopt
FN:55,fulfilled
FN:55,rejected
FN:55,step
FN:55,Object.<anonymous>.__generator
FN:55,sent
FN:55,g.<computed>
FN:55,verb
FN:55,step
FN:55,Object.<anonymous>.__importDefault
FN:25,AuthenticateUserService
FN:33,Object.<anonymous>.AuthenticateUserService.execute
FNF:17
FNH:15
FNDA:1,Object.<anonymous>
FNDA:1,Object.<anonymous>.__decorate
FNDA:1,Object.<anonymous>.__metadata
FNDA:2,Object.<anonymous>.__param
FNDA:3,Object.<anonymous>.__awaiter
FNDA:5,adopt
FNDA:5,fulfilled
FNDA:0,rejected
FNDA:6,step
FNDA:3,Object.<anonymous>.__generator
FNDA:5,sent
FNDA:0,g.<computed>
FNDA:9,verb
FNDA:8,step
FNDA:2,Object.<anonymous>.__importDefault
FNDA:3,AuthenticateUserService
FNDA:3,Object.<anonymous>.AuthenticateUserService.execute
DA:1,1
DA:2,1
DA:3,1
DA:4,1
DA:5,1
DA:6,1
DA:7,1
DA:8,1
DA:9,1
DA:10,1
DA:11,1
DA:12,1
DA:13,1
DA:14,1
DA:15,1
DA:16,1
DA:17,1
DA:18,1
DA:19,1
DA:20,1
DA:21,1
DA:22,1
DA:23,1
DA:24,1
DA:25,1
DA:26,3
DA:27,3
DA:28,3
DA:29,3
DA:30,3
DA:31,3
DA:32,1
DA:33,1
DA:34,3
DA:35,3
DA:36,3
DA:37,1
DA:38,1
DA:39,2
DA:40,2
DA:41,3
DA:42,3
DA:43,1
DA:44,1
DA:45,1
DA:46,1
DA:47,1
DA:48,1
DA:49,1
DA:50,1
DA:51,1
DA:52,1
DA:53,1
DA:54,3
DA:55,1
LF:55
LH:55
BRDA:55,0,0,1
BRDA:55,1,0,1
BRDA:55,2,0,1
BRDA:55,3,0,0
BRDA:55,4,0,0
BRDA:55,5,0,0
BRDA:55,6,0,0
BRDA:55,7,0,1
BRDA:55,8,0,2
BRDA:55,9,0,2
BRDA:55,10,0,3
BRDA:55,11,0,5
BRDA:55,12,0,0
BRDA:55,13,0,3
BRDA:55,14,0,5
BRDA:55,15,0,3
BRDA:55,16,0,2
BRDA:55,17,0,6
BRDA:55,18,0,1
BRDA:55,19,0,5
BRDA:55,20,0,3
BRDA:55,21,0,5
BRDA:55,22,0,0
BRDA:55,23,0,9
BRDA:55,24,0,8
BRDA:55,25,0,8
BRDA:55,26,0,0
BRDA:55,27,0,16
BRDA:55,28,0,0
BRDA:55,29,0,0
BRDA:55,30,0,0
BRDA:55,31,0,0
BRDA:55,32,0,8
BRDA:55,33,0,8
BRDA:55,34,0,5
BRDA:55,35,0,0
BRDA:55,36,0,0
BRDA:55,37,0,3
BRDA:55,38,0,0
BRDA:55,39,0,1
BRDA:55,40,0,0
BRDA:55,41,0,0
BRDA:55,42,0,0
BRDA:55,43,0,0
BRDA:55,44,0,8
BRDA:55,45,0,6
BRDA:55,46,0,2
BRDA:55,47,0,8
BRDA:55,48,0,3
BRDA:55,49,0,2
BRDA:55,50,0,1
BRDA:55,51,0,0
BRDA:55,52,0,2
BRDA:55,53,0,0
BRDA:24,54,0,1
BRDA:25,55,0,3
BRDA:33,56,0,3
BRDA:55,57,0,3
BRDA:55,58,0,8
BRDA:34,59,0,3
BRDA:55,60,0,3
BRDA:36,61,0,1
BRDA:38,62,0,2
BRDA:55,63,0,2
BRDA:42,64,0,1
BRF:65
BRH:45
end_of_record
TN:
SF:src\modules\users\services\CreateUserService.ts
FN:39,Object.<anonymous>
FN:39,Object.<anonymous>.__decorate
FN:39,Object.<anonymous>.__metadata
FN:39,Object.<anonymous>.__param
FN:39,Object.<anonymous>.__awaiter
FN:39,adopt
FN:39,fulfilled
FN:39,rejected
FN:39,step
FN:39,Object.<anonymous>.__generator
FN:39,sent
FN:39,g.<computed>
FN:39,verb
FN:39,step
FN:39,Object.<anonymous>.__importDefault
FN:12,CreateUserService
FN:20,Object.<anonymous>.CreateUserService.execute
FNF:17
FNH:15
FNDA:2,Object.<anonymous>
FNDA:2,Object.<anonymous>.__decorate
FNDA:2,Object.<anonymous>.__metadata
FNDA:4,Object.<anonymous>.__param
FNDA:5,Object.<anonymous>.__awaiter
FNDA:13,adopt
FNDA:13,fulfilled
FNDA:0,rejected
FNDA:17,step
FNDA:5,Object.<anonymous>.__generator
FNDA:13,sent
FNDA:0,g.<computed>
FNDA:15,verb
FNDA:18,step
FNDA:2,Object.<anonymous>.__importDefault
FNDA:4,CreateUserService
FNDA:5,Object.<anonymous>.CreateUserService.execute
DA:1,1
DA:2,1
DA:3,1
DA:4,1
DA:5,1
DA:6,1
DA:7,1
DA:8,1
DA:9,1
DA:10,1
DA:11,2
DA:12,2
DA:13,4
DA:14,4
DA:15,4
DA:16,4
DA:17,4
DA:18,4
DA:19,2
DA:20,2
DA:21,5
DA:22,5
DA:23,5
DA:24,1
DA:25,1
DA:26,4
DA:27,4
DA:28,5
DA:29,5
DA:30,5
DA:31,5
DA:32,5
DA:33,5
DA:34,5
DA:35,5
DA:36,5
DA:37,2
DA:38,1
DA:39,1
LF:39
LH:39
BRDA:39,0,0,2
BRDA:39,1,0,2
BRDA:39,2,0,2
BRDA:39,3,0,0
BRDA:39,4,0,0
BRDA:39,5,0,0
BRDA:39,6,0,0
BRDA:39,7,0,2
BRDA:39,8,0,4
BRDA:39,9,0,4
BRDA:39,10,0,5
BRDA:39,11,0,13
BRDA:39,12,0,0
BRDA:39,13,0,5
BRDA:39,14,0,13
BRDA:39,15,0,12
BRDA:39,16,0,1
BRDA:39,17,0,17
BRDA:39,18,0,4
BRDA:39,19,0,13
BRDA:39,20,0,5
BRDA:39,21,0,13
BRDA:39,22,0,0
BRDA:39,23,0,15
BRDA:39,24,0,18
BRDA:39,25,0,18
BRDA:39,26,0,0
BRDA:39,27,0,36
BRDA:39,28,0,0
BRDA:39,29,0,0
BRDA:39,30,0,0
BRDA:39,31,0,0
BRDA:39,32,0,18
BRDA:39,33,0,18
BRDA:39,34,0,13
BRDA:39,35,0,0
BRDA:39,36,0,0
BRDA:39,37,0,5
BRDA:39,38,0,0
BRDA:39,39,0,4
BRDA:39,40,0,0
BRDA:39,41,0,0
BRDA:39,42,0,0
BRDA:39,43,0,0
BRDA:39,44,0,28
BRDA:39,45,0,18
BRDA:39,46,0,17
BRDA:39,47,0,1
BRDA:39,48,0,18
BRDA:39,49,0,5
BRDA:39,50,0,1
BRDA:39,51,0,4
BRDA:39,52,0,0
BRDA:39,53,0,2
BRDA:39,54,0,0
BRDA:11,55,0,2
BRDA:12,56,0,4
BRDA:20,57,0,5
BRDA:39,58,0,5
BRDA:39,59,0,18
BRDA:21,60,0,5
BRDA:39,61,0,5
BRDA:23,62,0,1
BRDA:25,63,0,4
BRDA:39,64,0,4
BRDA:39,65,0,4
BRF:66
BRH:46
end_of_record
TN:
SF:src\modules\users\services\UpdateUserAvatarService.ts
FN:49,Object.<anonymous>
FN:49,Object.<anonymous>.__decorate
FN:49,Object.<anonymous>.__metadata
FN:49,Object.<anonymous>.__param
FN:49,Object.<anonymous>.__awaiter
FN:49,adopt
FN:49,fulfilled
FN:49,rejected
FN:49,step
FN:49,Object.<anonymous>.__generator
FN:49,sent
FN:49,g.<computed>
FN:49,verb
FN:49,step
FN:49,Object.<anonymous>.__importDefault
FN:16,UpdateUserAvatarService
FN:24,Object.<anonymous>.UpdateUserAvatarService.execute
FNF:17
FNH:15
FNDA:1,Object.<anonymous>
FNDA:1,Object.<anonymous>.__decorate
FNDA:1,Object.<anonymous>.__metadata
FNDA:2,Object.<anonymous>.__param
FNDA:4,Object.<anonymous>.__awaiter
FNDA:11,adopt
FNDA:11,fulfilled
FNDA:0,rejected
FNDA:14,step
FNDA:4,Object.<anonymous>.__generator
FNDA:11,sent
FNDA:0,g.<computed>
FNDA:12,verb
FNDA:15,step
FNDA:1,Object.<anonymous>.__importDefault
FNDA:3,UpdateUserAvatarService
FNDA:4,Object.<anonymous>.UpdateUserAvatarService.execute
DA:1,1
DA:2,1
DA:3,1
DA:4,1
DA:5,1
DA:6,1
DA:7,1
DA:8,1
DA:9,1
DA:10,1
DA:11,1
DA:12,1
DA:13,1
DA:14,1
DA:15,1
DA:16,1
DA:17,3
DA:18,3
DA:19,3
DA:20,3
DA:21,3
DA:22,3
DA:23,1
DA:24,1
DA:25,4
DA:26,4
DA:27,4
DA:28,4
DA:29,4
DA:30,4
DA:31,1
DA:32,1
DA:33,1
DA:34,1
DA:35,1
DA:36,3
DA:37,3
DA:38,1
DA:39,4
DA:40,4
DA:41,4
DA:42,4
DA:43,4
DA:44,4
DA:45,4
DA:46,4
DA:47,4
DA:48,4
DA:49,1
LF:49
LH:49
BRDA:49,0,0,1
BRDA:49,1,0,1
BRDA:49,2,0,1
BRDA:49,3,0,0
BRDA:49,4,0,0
BRDA:49,5,0,0
BRDA:49,6,0,0
BRDA:49,7,0,1
BRDA:49,8,0,2
BRDA:49,9,0,2
BRDA:49,10,0,4
BRDA:49,11,0,11
BRDA:49,12,0,0
BRDA:49,13,0,4
BRDA:49,14,0,11
BRDA:49,15,0,10
BRDA:49,16,0,1
BRDA:49,17,0,14
BRDA:49,18,0,3
BRDA:49,19,0,11
BRDA:49,20,0,4
BRDA:49,21,0,11
BRDA:49,22,0,0
BRDA:49,23,0,12
BRDA:49,24,0,15
BRDA:49,25,0,15
BRDA:49,26,0,0
BRDA:49,27,0,32
BRDA:49,28,0,0
BRDA:49,29,0,0
BRDA:49,30,0,0
BRDA:49,31,0,0
BRDA:49,32,0,15
BRDA:49,33,0,15
BRDA:49,34,0,11
BRDA:49,35,0,0
BRDA:49,36,0,0
BRDA:49,37,0,6
BRDA:49,38,0,0
BRDA:49,39,0,5
BRDA:49,40,0,4
BRDA:49,41,0,2
BRDA:49,42,0,0
BRDA:49,43,0,2
BRDA:49,44,0,0
BRDA:49,45,0,0
BRDA:49,46,0,0
BRDA:49,47,0,17
BRDA:49,48,0,16
BRDA:49,49,0,1
BRDA:49,50,0,17
BRDA:49,51,0,4
BRDA:49,52,0,1
BRDA:49,53,0,3
BRDA:49,54,0,0
BRDA:49,55,0,1
BRDA:49,56,0,0
BRDA:15,57,0,1
BRDA:16,58,0,3
BRDA:24,59,0,4
BRDA:49,60,0,4
BRDA:49,61,0,17
BRDA:28,62,0,4
BRDA:49,63,0,4
BRDA:30,64,0,1
BRDA:35,65,0,3
BRDA:37,66,0,2
BRDA:37,67,0,1
BRDA:49,68,0,1
BRDA:41,69,0,3
BRDA:49,70,0,3
BRDA:49,71,0,3
BRF:72
BRH:52
end_of_record
